build/app/intermediates/manifest_merge_blame_file/debug/processDebugMainManifest/manifest-merger-blame-debug-report.txt
1<?xml version="1.0" encoding="utf-8"?>
2<manifest xmlns:android="http://schemas.android.com/apk/res/android"
3    package="com.example.civic_auth_flutter"
4    android:versionCode="1"
5    android:versionName="1.0.0" >
6
7    <uses-sdk
8        android:minSdkVersion="21"
9        android:targetSdkVersion="35" />
10    <!--
11         The INTERNET permission is required for development. Specifically,
12         the Flutter tool needs it to communicate with the running application
13         to allow setting breakpoints, to provide hot reload, etc.
14    -->
15    <uses-permission android:name="android.permission.INTERNET" />
15-->src/main/AndroidManifest.xml:5:5-66
15-->src/main/AndroidManifest.xml:5:22-64
16    <uses-permission android:name="android.permission.ACCESS_NETWORK_STATE" />
16-->src/main/AndroidManifest.xml:6:5-78
16-->src/main/AndroidManifest.xml:6:22-76
17    <uses-permission android:name="android.permission.ACCESS_FINE_LOCATION" />
17-->src/main/AndroidManifest.xml:7:5-78
17-->src/main/AndroidManifest.xml:7:22-76
18    <uses-permission android:name="android.permission.ACCESS_COARSE_LOCATION" />
18-->src/main/AndroidManifest.xml:8:1-76
18-->src/main/AndroidManifest.xml:8:18-74
19
20    <queries>
20-->src/main/AndroidManifest.xml:80:5-98:15
21        <intent>
21-->src/main/AndroidManifest.xml:81:9-83:18
22            <action android:name="android.support.customtabs.action.CustomTabsService" />
22-->src/main/AndroidManifest.xml:82:13-90
22-->src/main/AndroidManifest.xml:82:21-87
23        </intent>
24        <intent>
24-->src/main/AndroidManifest.xml:84:9-88:18
25            <action android:name="android.intent.action.VIEW" />
25-->src/main/AndroidManifest.xml:85:13-65
25-->src/main/AndroidManifest.xml:85:21-62
26
27            <category android:name="android.intent.category.BROWSABLE" />
27-->src/main/AndroidManifest.xml:86:13-74
27-->src/main/AndroidManifest.xml:86:23-71
28
29            <data android:scheme="https" />
29-->src/main/AndroidManifest.xml:87:13-44
29-->src/main/AndroidManifest.xml:87:19-41
30        </intent>
31        <intent>
31-->src/main/AndroidManifest.xml:89:9-93:18
32            <action android:name="android.intent.action.VIEW" />
32-->src/main/AndroidManifest.xml:85:13-65
32-->src/main/AndroidManifest.xml:85:21-62
33
34            <category android:name="android.intent.category.APP_BROWSER" />
34-->src/main/AndroidManifest.xml:91:13-76
34-->src/main/AndroidManifest.xml:91:23-73
35
36            <data android:scheme="https" />
36-->src/main/AndroidManifest.xml:87:13-44
36-->src/main/AndroidManifest.xml:87:19-41
37        </intent>
38        <intent>
38-->src/main/AndroidManifest.xml:94:9-97:18
39            <action android:name="android.intent.action.PROCESS_TEXT" />
39-->src/main/AndroidManifest.xml:95:13-73
39-->src/main/AndroidManifest.xml:95:21-70
40
41            <data android:mimeType="text/plain" />
41-->src/main/AndroidManifest.xml:87:13-44
42        </intent>
43    </queries>
44
45    <permission
45-->[androidx.core:core:1.16.0] AndroidManifest.xml:22:5-24:47
46        android:name="com.example.civic_auth_flutter.DYNAMIC_RECEIVER_NOT_EXPORTED_PERMISSION"
46-->[androidx.core:core:1.16.0] AndroidManifest.xml:23:9-81
47        android:protectionLevel="signature" />
47-->[androidx.core:core:1.16.0] AndroidManifest.xml:24:9-44
48
49    <uses-permission android:name="com.example.civic_auth_flutter.DYNAMIC_RECEIVER_NOT_EXPORTED_PERMISSION" />
49-->[androidx.core:core:1.16.0] AndroidManifest.xml:26:5-97
49-->[androidx.core:core:1.16.0] AndroidManifest.xml:26:22-94
50
51    <application
52        android:name="android.app.Application"
53        android:appComponentFactory="androidx.core.app.CoreComponentFactory"
53-->[androidx.core:core:1.16.0] AndroidManifest.xml:28:18-86
54        android:debuggable="true"
55        android:enableOnBackInvokedCallback="true"
56        android:extractNativeLibs="true"
57        android:icon="@mipmap/ic_launcher"
58        android:label="Civic Auth" >
59        <activity
60            android:name="com.example.civic_auth_flutter.MainActivity"
61            android:configChanges="orientation|keyboardHidden|keyboard|screenSize|smallestScreenSize|locale|layoutDirection|fontScale|screenLayout|density|uiMode"
62            android:exported="true"
63            android:hardwareAccelerated="true"
64            android:launchMode="singleTop"
65            android:theme="@style/LaunchTheme"
66            android:windowSoftInputMode="adjustResize" >
67            <meta-data
68                android:name="io.flutter.embedding.android.NormalTheme"
69                android:resource="@style/NormalTheme" />
70
71            <intent-filter>
72                <action android:name="android.intent.action.MAIN" />
73
74                <category android:name="android.intent.category.LAUNCHER" />
75            </intent-filter>
76
77            <meta-data
78                android:name="flutter_appauth_redirect_scheme"
79                android:value="trustlink" />
80
81            <intent-filter>
82                <action android:name="android.intent.action.VIEW" />
82-->src/main/AndroidManifest.xml:85:13-65
82-->src/main/AndroidManifest.xml:85:21-62
83
84                <category android:name="android.intent.category.DEFAULT" />
85                <category android:name="android.intent.category.BROWSABLE" />
85-->src/main/AndroidManifest.xml:86:13-74
85-->src/main/AndroidManifest.xml:86:23-71
86
87                <data
87-->src/main/AndroidManifest.xml:87:13-44
88                    android:host="callback"
89                    android:scheme="trustlink" />
89-->src/main/AndroidManifest.xml:87:19-41
90            </intent-filter>
91        </activity>
92        <activity
93            android:name="net.openid.appauth.AuthorizationManagementActivity"
94            android:configChanges="screenSize|smallestScreenSize|screenLayout|orientation|keyboard|keyboardHidden"
94-->[net.openid:appauth:0.11.1] AndroidManifest.xml:37:13-115
95            android:exported="false"
95-->[net.openid:appauth:0.11.1] AndroidManifest.xml:38:13-37
96            android:launchMode="singleInstance"
97            android:theme="@style/Theme.AppCompat.Translucent.NoTitleBar" />
97-->[net.openid:appauth:0.11.1] AndroidManifest.xml:40:13-74
98        <activity
99            android:name="net.openid.appauth.RedirectUriReceiverActivity"
100            android:excludeFromRecents="true"
101            android:exported="true" >
102            <intent-filter>
103                <action android:name="android.intent.action.VIEW" />
103-->src/main/AndroidManifest.xml:85:13-65
103-->src/main/AndroidManifest.xml:85:21-62
104
105                <category android:name="android.intent.category.DEFAULT" />
106                <category android:name="android.intent.category.BROWSABLE" />
106-->src/main/AndroidManifest.xml:86:13-74
106-->src/main/AndroidManifest.xml:86:23-71
107
108                <data
108-->src/main/AndroidManifest.xml:87:13-44
109                    android:host="callback"
110                    android:scheme="trustlink" />
110-->src/main/AndroidManifest.xml:87:19-41
111            </intent-filter>
112        </activity>
113
114        <meta-data
115            android:name="flutterEmbedding"
116            android:value="2" />
117
118        <provider
119            android:name="androidx.core.content.FileProvider"
120            android:authorities="com.example.civic_auth_flutter.fileprovider"
121            android:exported="false"
122            android:grantUriPermissions="true" >
123            <meta-data
124                android:name="android.support.FILE_PROVIDER_PATHS"
125                android:resource="@xml/file_paths" />
126        </provider>
127
128        <service
128-->[:geolocator_android] AndroidManifest.xml:8:9-12:56
129            android:name="com.baseflow.geolocator.GeolocatorLocationService"
129-->[:geolocator_android] AndroidManifest.xml:9:13-77
130            android:enabled="true"
130-->[:geolocator_android] AndroidManifest.xml:10:13-35
131            android:exported="false"
131-->[:geolocator_android] AndroidManifest.xml:11:13-37
132            android:foregroundServiceType="location" />
132-->[:geolocator_android] AndroidManifest.xml:12:13-53
133
134        <activity
134-->[com.google.android.gms:play-services-auth:20.7.0] AndroidManifest.xml:23:9-27:75
135            android:name="com.google.android.gms.auth.api.signin.internal.SignInHubActivity"
135-->[com.google.android.gms:play-services-auth:20.7.0] AndroidManifest.xml:24:13-93
136            android:excludeFromRecents="true"
136-->[com.google.android.gms:play-services-auth:20.7.0] AndroidManifest.xml:25:13-46
137            android:exported="false"
137-->[com.google.android.gms:play-services-auth:20.7.0] AndroidManifest.xml:26:13-37
138            android:theme="@android:style/Theme.Translucent.NoTitleBar" />
138-->[com.google.android.gms:play-services-auth:20.7.0] AndroidManifest.xml:27:13-72
139        <!--
140            Service handling Google Sign-In user revocation. For apps that do not integrate with
141            Google Sign-In, this service will never be started.
142        -->
143        <service
143-->[com.google.android.gms:play-services-auth:20.7.0] AndroidManifest.xml:33:9-37:51
144            android:name="com.google.android.gms.auth.api.signin.RevocationBoundService"
144-->[com.google.android.gms:play-services-auth:20.7.0] AndroidManifest.xml:34:13-89
145            android:exported="true"
145-->[com.google.android.gms:play-services-auth:20.7.0] AndroidManifest.xml:35:13-36
146            android:permission="com.google.android.gms.auth.api.signin.permission.REVOCATION_NOTIFICATION"
146-->[com.google.android.gms:play-services-auth:20.7.0] AndroidManifest.xml:36:13-107
147            android:visibleToInstantApps="true" />
147-->[com.google.android.gms:play-services-auth:20.7.0] AndroidManifest.xml:37:13-48
148
149        <activity
149-->[com.google.android.gms:play-services-base:18.3.0] AndroidManifest.xml:20:9-22:45
150            android:name="com.google.android.gms.common.api.GoogleApiActivity"
150-->[com.google.android.gms:play-services-base:18.3.0] AndroidManifest.xml:20:19-85
151            android:exported="false"
151-->[com.google.android.gms:play-services-base:18.3.0] AndroidManifest.xml:22:19-43
152            android:theme="@android:style/Theme.Translucent.NoTitleBar" />
152-->[com.google.android.gms:play-services-base:18.3.0] AndroidManifest.xml:21:19-78
153
154        <meta-data
154-->[com.google.android.gms:play-services-basement:18.3.0] AndroidManifest.xml:21:9-23:69
155            android:name="com.google.android.gms.version"
155-->[com.google.android.gms:play-services-basement:18.3.0] AndroidManifest.xml:22:13-58
156            android:value="@integer/google_play_services_version" />
156-->[com.google.android.gms:play-services-basement:18.3.0] AndroidManifest.xml:23:13-66
157
158        <uses-library
158-->[androidx.window:window:1.2.0] AndroidManifest.xml:23:9-25:40
159            android:name="androidx.window.extensions"
159-->[androidx.window:window:1.2.0] AndroidManifest.xml:24:13-54
160            android:required="false" />
160-->[androidx.window:window:1.2.0] AndroidManifest.xml:25:13-37
161        <uses-library
161-->[androidx.window:window:1.2.0] AndroidManifest.xml:26:9-28:40
162            android:name="androidx.window.sidecar"
162-->[androidx.window:window:1.2.0] AndroidManifest.xml:27:13-51
163            android:required="false" />
163-->[androidx.window:window:1.2.0] AndroidManifest.xml:28:13-37
164
165        <provider
165-->[androidx.lifecycle:lifecycle-process:2.7.0] AndroidManifest.xml:24:9-32:20
166            android:name="androidx.startup.InitializationProvider"
166-->[androidx.lifecycle:lifecycle-process:2.7.0] AndroidManifest.xml:25:13-67
167            android:authorities="com.example.civic_auth_flutter.androidx-startup"
167-->[androidx.lifecycle:lifecycle-process:2.7.0] AndroidManifest.xml:26:13-68
168            android:exported="false" >
168-->[androidx.lifecycle:lifecycle-process:2.7.0] AndroidManifest.xml:27:13-37
169            <meta-data
169-->[androidx.lifecycle:lifecycle-process:2.7.0] AndroidManifest.xml:29:13-31:52
170                android:name="androidx.lifecycle.ProcessLifecycleInitializer"
170-->[androidx.lifecycle:lifecycle-process:2.7.0] AndroidManifest.xml:30:17-78
171                android:value="androidx.startup" />
171-->[androidx.lifecycle:lifecycle-process:2.7.0] AndroidManifest.xml:31:17-49
172            <meta-data
172-->[androidx.profileinstaller:profileinstaller:1.3.1] AndroidManifest.xml:29:13-31:52
173                android:name="androidx.profileinstaller.ProfileInstallerInitializer"
173-->[androidx.profileinstaller:profileinstaller:1.3.1] AndroidManifest.xml:30:17-85
174                android:value="androidx.startup" />
174-->[androidx.profileinstaller:profileinstaller:1.3.1] AndroidManifest.xml:31:17-49
175        </provider>
176
177        <receiver
177-->[androidx.profileinstaller:profileinstaller:1.3.1] AndroidManifest.xml:34:9-52:20
178            android:name="androidx.profileinstaller.ProfileInstallReceiver"
178-->[androidx.profileinstaller:profileinstaller:1.3.1] AndroidManifest.xml:35:13-76
179            android:directBootAware="false"
179-->[androidx.profileinstaller:profileinstaller:1.3.1] AndroidManifest.xml:36:13-44
180            android:enabled="true"
180-->[androidx.profileinstaller:profileinstaller:1.3.1] AndroidManifest.xml:37:13-35
181            android:exported="true"
181-->[androidx.profileinstaller:profileinstaller:1.3.1] AndroidManifest.xml:38:13-36
182            android:permission="android.permission.DUMP" >
182-->[androidx.profileinstaller:profileinstaller:1.3.1] AndroidManifest.xml:39:13-57
183            <intent-filter>
183-->[androidx.profileinstaller:profileinstaller:1.3.1] AndroidManifest.xml:40:13-42:29
184                <action android:name="androidx.profileinstaller.action.INSTALL_PROFILE" />
184-->[androidx.profileinstaller:profileinstaller:1.3.1] AndroidManifest.xml:41:17-91
184-->[androidx.profileinstaller:profileinstaller:1.3.1] AndroidManifest.xml:41:25-88
185            </intent-filter>
186            <intent-filter>
186-->[androidx.profileinstaller:profileinstaller:1.3.1] AndroidManifest.xml:43:13-45:29
187                <action android:name="androidx.profileinstaller.action.SKIP_FILE" />
187-->[androidx.profileinstaller:profileinstaller:1.3.1] AndroidManifest.xml:44:17-85
187-->[androidx.profileinstaller:profileinstaller:1.3.1] AndroidManifest.xml:44:25-82
188            </intent-filter>
189            <intent-filter>
189-->[androidx.profileinstaller:profileinstaller:1.3.1] AndroidManifest.xml:46:13-48:29
190                <action android:name="androidx.profileinstaller.action.SAVE_PROFILE" />
190-->[androidx.profileinstaller:profileinstaller:1.3.1] AndroidManifest.xml:47:17-88
190-->[androidx.profileinstaller:profileinstaller:1.3.1] AndroidManifest.xml:47:25-85
191            </intent-filter>
192            <intent-filter>
192-->[androidx.profileinstaller:profileinstaller:1.3.1] AndroidManifest.xml:49:13-51:29
193                <action android:name="androidx.profileinstaller.action.BENCHMARK_OPERATION" />
193-->[androidx.profileinstaller:profileinstaller:1.3.1] AndroidManifest.xml:50:17-95
193-->[androidx.profileinstaller:profileinstaller:1.3.1] AndroidManifest.xml:50:25-92
194            </intent-filter>
195        </receiver>
196    </application>
197
198</manifest>